# JRE version: OpenJDK Runtime Environment (8.0_152-b01) (build 1.8.0_152-release-915-b01)
# Java VM: OpenJDK 64-Bit Server VM (25.152-b01 mixed mode windows-amd64 compressed oops)
Heap:
 PSYoungGen      total 250368K, used 249775K [0x00000000eab00000, 0x00000000ffd80000, 0x0000000100000000)
  eden space 239104K, 99% used [0x00000000eab00000,0x00000000f9428e18,0x00000000f9480000)
  from space 11264K, 97% used [0x00000000f9480000,0x00000000f9f43040,0x00000000f9f80000)
  to   space 53760K, 0% used [0x00000000fc900000,0x00000000fc900000,0x00000000ffd80000)
 ParOldGen       total 137728K, used 92736K [0x00000000c0000000, 0x00000000c8680000, 0x00000000eab00000)
  object space 137728K, 67% used [0x00000000c0000000,0x00000000c5a903d8,0x00000000c8680000)
 Metaspace       used 82831K, capacity 88538K, committed 88576K, reserved 1126400K
  class space    used 10454K, capacity 11740K, committed 11776K, reserved 1048576K
GC Heap History (10 events):
Event: 2251.581 GC heap before
{Heap before GC invocations=24 (full 3):
 PSYoungGen      total 298496K, used 278701K [0x00000000eab00000, 0x00000000ffc80000, 0x0000000100000000)
  eden space 254464K, 100% used [0x00000000eab00000,0x00000000fa380000,0x00000000fa380000)
  from space 44032K, 55% used [0x00000000fd180000,0x00000000fe92b528,0x00000000ffc80000)
  to   space 45568K, 0% used [0x00000000fa380000,0x00000000fa380000,0x00000000fd000000)
 ParOldGen       total 137728K, used 74613K [0x00000000c0000000, 0x00000000c8680000, 0x00000000eab00000)
  object space 137728K, 54% used [0x00000000c0000000,0x00000000c48dd420,0x00000000c8680000)
 Metaspace       used 81747K, capacity 86752K, committed 87040K, reserved 1124352K
  class space    used 10310K, capacity 11459K, committed 11520K, reserved 1048576K
Event: 2251.620 GC heap after
Heap after GC invocations=24 (full 3):
 PSYoungGen      total 300032K, used 45560K [0x00000000eab00000, 0x0000000100000000, 0x0000000100000000)
  eden space 254464K, 0% used [0x00000000eab00000,0x00000000eab00000,0x00000000fa380000)
  from space 45568K, 99% used [0x00000000fa380000,0x00000000fcffe2a0,0x00000000fd000000)
  to   space 49152K, 0% used [0x00000000fd000000,0x00000000fd000000,0x0000000100000000)
 ParOldGen       total 137728K, used 75915K [0x00000000c0000000, 0x00000000c8680000, 0x00000000eab00000)
  object space 137728K, 55% used [0x00000000c0000000,0x00000000c4a22e28,0x00000000c8680000)
 Metaspace       used 81747K, capacity 86752K, committed 87040K, reserved 1124352K
  class space    used 10310K, capacity 11459K, committed 11520K, reserved 1048576K
}
Event: 2252.252 GC heap before
{Heap before GC invocations=25 (full 3):
 PSYoungGen      total 300032K, used 300024K [0x00000000eab00000, 0x0000000100000000, 0x0000000100000000)
  eden space 254464K, 100% used [0x00000000eab00000,0x00000000fa380000,0x00000000fa380000)
  from space 45568K, 99% used [0x00000000fa380000,0x00000000fcffe2a0,0x00000000fd000000)
  to   space 49152K, 0% used [0x00000000fd000000,0x00000000fd000000,0x0000000100000000)
 ParOldGen       total 137728K, used 75915K [0x00000000c0000000, 0x00000000c8680000, 0x00000000eab00000)
  object space 137728K, 55% used [0x00000000c0000000,0x00000000c4a22e28,0x00000000c8680000)
 Metaspace       used 81754K, capacity 86752K, committed 87040K, reserved 1124352K
  class space    used 10310K, capacity 11459K, committed 11520K, reserved 1048576K
Event: 2252.283 GC heap after
Heap after GC invocations=25 (full 3):
 PSYoungGen      total 287744K, used 41481K [0x00000000eab00000, 0x0000000100000000, 0x0000000100000000)
  eden space 238592K, 0% used [0x00000000eab00000,0x00000000eab00000,0x00000000f9400000)
  from space 49152K, 84% used [0x00000000fd000000,0x00000000ff882560,0x0000000100000000)
  to   space 55296K, 0% used [0x00000000f9400000,0x00000000f9400000,0x00000000fca00000)
 ParOldGen       total 137728K, used 77196K [0x00000000c0000000, 0x00000000c8680000, 0x00000000eab00000)
  object space 137728K, 56% used [0x00000000c0000000,0x00000000c4b630d8,0x00000000c8680000)
 Metaspace       used 81754K, capacity 86752K, committed 87040K, reserved 1124352K
  class space    used 10310K, capacity 11459K, committed 11520K, reserved 1048576K
}
Event: 2253.089 GC heap before
{Heap before GC invocations=26 (full 3):
 PSYoungGen      total 287744K, used 280073K [0x00000000eab00000, 0x0000000100000000, 0x0000000100000000)
  eden space 238592K, 100% used [0x00000000eab00000,0x00000000f9400000,0x00000000f9400000)
  from space 49152K, 84% used [0x00000000fd000000,0x00000000ff882560,0x0000000100000000)
  to   space 55296K, 0% used [0x00000000f9400000,0x00000000f9400000,0x00000000fca00000)
 ParOldGen       total 137728K, used 77196K [0x00000000c0000000, 0x00000000c8680000, 0x00000000eab00000)
  object space 137728K, 56% used [0x00000000c0000000,0x00000000c4b630d8,0x00000000c8680000)
 Metaspace       used 81762K, capacity 86752K, committed 87040K, reserved 1124352K
  class space    used 10310K, capacity 11459K, committed 11520K, reserved 1048576K
Event: 2253.108 GC heap after
Heap after GC invocations=26 (full 3):
 PSYoungGen      total 247296K, used 8445K [0x00000000eab00000, 0x0000000100000000, 0x0000000100000000)
  eden space 238592K, 0% used [0x00000000eab00000,0x00000000eab00000,0x00000000f9400000)
  from space 8704K, 97% used [0x00000000f9400000,0x00000000f9c3f580,0x00000000f9c80000)
  to   space 55808K, 0% used [0x00000000fc980000,0x00000000fc980000,0x0000000100000000)
 ParOldGen       total 137728K, used 91872K [0x00000000c0000000, 0x00000000c8680000, 0x00000000eab00000)
  object space 137728K, 66% used [0x00000000c0000000,0x00000000c59b8388,0x00000000c8680000)
 Metaspace       used 81762K, capacity 86752K, committed 87040K, reserved 1124352K
  class space    used 10310K, capacity 11459K, committed 11520K, reserved 1048576K
}
Event: 2409.717 GC heap before
{Heap before GC invocations=27 (full 3):
 PSYoungGen      total 247296K, used 246672K [0x00000000eab00000, 0x0000000100000000, 0x0000000100000000)
  eden space 238592K, 99% used [0x00000000eab00000,0x00000000f93a4c38,0x00000000f9400000)
  from space 8704K, 97% used [0x00000000f9400000,0x00000000f9c3f580,0x00000000f9c80000)
  to   space 55808K, 0% used [0x00000000fc980000,0x00000000fc980000,0x0000000100000000)
 ParOldGen       total 137728K, used 91872K [0x00000000c0000000, 0x00000000c8680000, 0x00000000eab00000)
  object space 137728K, 66% used [0x00000000c0000000,0x00000000c59b8388,0x00000000c8680000)
 Metaspace       used 82117K, capacity 87422K, committed 87680K, reserved 1126400K
  class space    used 10359K, capacity 11568K, committed 11648K, reserved 1048576K
Event: 2409.753 GC heap after
Heap after GC invocations=27 (full 3):
 PSYoungGen      total 294912K, used 15837K [0x00000000eab00000, 0x0000000100000000, 0x0000000100000000)
  eden space 239104K, 0% used [0x00000000eab00000,0x00000000eab00000,0x00000000f9480000)
  from space 55808K, 28% used [0x00000000fc980000,0x00000000fd8f7568,0x0000000100000000)
  to   space 54272K, 0% used [0x00000000f9480000,0x00000000f9480000,0x00000000fc980000)
 ParOldGen       total 137728K, used 92584K [0x00000000c0000000, 0x00000000c8680000, 0x00000000eab00000)
  object space 137728K, 67% used [0x00000000c0000000,0x00000000c5a6a3b8,0x00000000c8680000)
 Metaspace       used 82117K, capacity 87422K, committed 87680K, reserved 1126400K
  class space    used 10359K, capacity 11568K, committed 11648K, reserved 1048576K
}
Event: 2824.167 GC heap before
{Heap before GC invocations=28 (full 3):
 PSYoungGen      total 294912K, used 253966K [0x00000000eab00000, 0x0000000100000000, 0x0000000100000000)
  eden space 239104K, 99% used [0x00000000eab00000,0x00000000f938c348,0x00000000f9480000)
  from space 55808K, 28% used [0x00000000fc980000,0x00000000fd8f7568,0x0000000100000000)
  to   space 54272K, 0% used [0x00000000f9480000,0x00000000f9480000,0x00000000fc980000)
 ParOldGen       total 137728K, used 92584K [0x00000000c0000000, 0x00000000c8680000, 0x00000000eab00000)
  object space 137728K, 67% used [0x00000000c0000000,0x00000000c5a6a3b8,0x00000000c8680000)
 Metaspace       used 82440K, capacity 87946K, committed 88064K, reserved 1126400K
  class space    used 10406K, capacity 11664K, committed 11776K, reserved 1048576K
Event: 2824.181 GC heap after
Heap after GC invocations=28 (full 3):
 PSYoungGen      total 250368K, used 11020K [0x00000000eab00000, 0x00000000ffd80000, 0x0000000100000000)
  eden space 239104K, 0% used [0x00000000eab00000,0x00000000eab00000,0x00000000f9480000)
  from space 11264K, 97% used [0x00000000f9480000,0x00000000f9f43040,0x00000000f9f80000)
  to   space 53760K, 0% used [0x00000000fc900000,0x00000000fc900000,0x00000000ffd80000)
 ParOldGen       total 137728K, used 92736K [0x00000000c0000000, 0x00000000c8680000, 0x00000000eab00000)
  object space 137728K, 67% used [0x00000000c0000000,0x00000000c5a903d8,0x00000000c8680000)
 Metaspace       used 82440K, capacity 87946K, committed 88064K, reserved 1126400K
  class space    used 10406K, capacity 11664K, committed 11776K, reserved 1048576K
}

