# JRE version: OpenJDK Runtime Environment (8.0_152-b01) (build 1.8.0_152-release-915-b01)
# Java VM: OpenJDK 64-Bit Server VM (25.152-b01 mixed mode windows-amd64 compressed oops)
Heap:
 PSYoungGen      total 238592K, used 128799K [0x00000000eab00000, 0x00000000fa980000, 0x0000000100000000)
  eden space 228864K, 56% used [0x00000000eab00000,0x00000000f28c7ff0,0x00000000f8a80000)
  from space 9728K, 0% used [0x00000000fa000000,0x00000000fa000000,0x00000000fa980000)
  to   space 14336K, 0% used [0x00000000f8d80000,0x00000000f8d80000,0x00000000f9b80000)
 ParOldGen       total 81920K, used 23713K [0x00000000c0000000, 0x00000000c5000000, 0x00000000eab00000)
  object space 81920K, 28% used [0x00000000c0000000,0x00000000c1728738,0x00000000c5000000)
 Metaspace       used 46402K, capacity 47458K, committed 47744K, reserved 1089536K
  class space    used 6279K, capacity 6663K, committed 6784K, reserved 1048576K
GC Heap History (10 events):
Event: 5.472 GC heap before
{Heap before GC invocations=4 (full 0):
 PSYoungGen      total 71680K, used 18695K [0x00000000eab00000, 0x00000000f3700000, 0x0000000100000000)
  eden space 66560K, 20% used [0x00000000eab00000,0x00000000eb849dd8,0x00000000eec00000)
  from space 5120K, 99% used [0x00000000eec00000,0x00000000ef0f8060,0x00000000ef100000)
  to   space 5120K, 0% used [0x00000000f3200000,0x00000000f3200000,0x00000000f3700000)
 ParOldGen       total 87552K, used 6683K [0x00000000c0000000, 0x00000000c5580000, 0x00000000eab00000)
  object space 87552K, 7% used [0x00000000c0000000,0x00000000c0686d38,0x00000000c5580000)
 Metaspace       used 20780K, capacity 21184K, committed 21248K, reserved 1067008K
  class space    used 2894K, capacity 3039K, committed 3072K, reserved 1048576K
Event: 5.509 GC heap after
Heap after GC invocations=4 (full 0):
 PSYoungGen      total 138240K, used 5108K [0x00000000eab00000, 0x00000000f3700000, 0x0000000100000000)
  eden space 133120K, 0% used [0x00000000eab00000,0x00000000eab00000,0x00000000f2d00000)
  from space 5120K, 99% used [0x00000000f3200000,0x00000000f36fd040,0x00000000f3700000)
  to   space 5120K, 0% used [0x00000000f2d00000,0x00000000f2d00000,0x00000000f3200000)
 ParOldGen       total 87552K, used 8796K [0x00000000c0000000, 0x00000000c5580000, 0x00000000eab00000)
  object space 87552K, 10% used [0x00000000c0000000,0x00000000c0897370,0x00000000c5580000)
 Metaspace       used 20780K, capacity 21184K, committed 21248K, reserved 1067008K
  class space    used 2894K, capacity 3039K, committed 3072K, reserved 1048576K
}
Event: 5.509 GC heap before
{Heap before GC invocations=5 (full 1):
 PSYoungGen      total 138240K, used 5108K [0x00000000eab00000, 0x00000000f3700000, 0x0000000100000000)
  eden space 133120K, 0% used [0x00000000eab00000,0x00000000eab00000,0x00000000f2d00000)
  from space 5120K, 99% used [0x00000000f3200000,0x00000000f36fd040,0x00000000f3700000)
  to   space 5120K, 0% used [0x00000000f2d00000,0x00000000f2d00000,0x00000000f3200000)
 ParOldGen       total 87552K, used 8796K [0x00000000c0000000, 0x00000000c5580000, 0x00000000eab00000)
  object space 87552K, 10% used [0x00000000c0000000,0x00000000c0897370,0x00000000c5580000)
 Metaspace       used 20780K, capacity 21184K, committed 21248K, reserved 1067008K
  class space    used 2894K, capacity 3039K, committed 3072K, reserved 1048576K
Event: 5.574 GC heap after
Heap after GC invocations=5 (full 1):
 PSYoungGen      total 138240K, used 0K [0x00000000eab00000, 0x00000000f3700000, 0x0000000100000000)
  eden space 133120K, 0% used [0x00000000eab00000,0x00000000eab00000,0x00000000f2d00000)
  from space 5120K, 0% used [0x00000000f3200000,0x00000000f3200000,0x00000000f3700000)
  to   space 5120K, 0% used [0x00000000f2d00000,0x00000000f2d00000,0x00000000f3200000)
 ParOldGen       total 52736K, used 7784K [0x00000000c0000000, 0x00000000c3380000, 0x00000000eab00000)
  object space 52736K, 14% used [0x00000000c0000000,0x00000000c079a390,0x00000000c3380000)
 Metaspace       used 20780K, capacity 21184K, committed 21248K, reserved 1067008K
  class space    used 2894K, capacity 3039K, committed 3072K, reserved 1048576K
}
Event: 10.414 GC heap before
{Heap before GC invocations=6 (full 1):
 PSYoungGen      total 138240K, used 133120K [0x00000000eab00000, 0x00000000f3700000, 0x0000000100000000)
  eden space 133120K, 100% used [0x00000000eab00000,0x00000000f2d00000,0x00000000f2d00000)
  from space 5120K, 0% used [0x00000000f3200000,0x00000000f3200000,0x00000000f3700000)
  to   space 5120K, 0% used [0x00000000f2d00000,0x00000000f2d00000,0x00000000f3200000)
 ParOldGen       total 52736K, used 7784K [0x00000000c0000000, 0x00000000c3380000, 0x00000000eab00000)
  object space 52736K, 14% used [0x00000000c0000000,0x00000000c079a390,0x00000000c3380000)
 Metaspace       used 31396K, capacity 32152K, committed 32384K, reserved 1077248K
  class space    used 4352K, capacity 4617K, committed 4736K, reserved 1048576K
Event: 10.424 GC heap after
Heap after GC invocations=6 (full 1):
 PSYoungGen      total 138240K, used 5088K [0x00000000eab00000, 0x00000000fae80000, 0x0000000100000000)
  eden space 133120K, 0% used [0x00000000eab00000,0x00000000eab00000,0x00000000f2d00000)
  from space 5120K, 99% used [0x00000000f2d00000,0x00000000f31f8020,0x00000000f3200000)
  to   space 14848K, 0% used [0x00000000fa000000,0x00000000fa000000,0x00000000fae80000)
 ParOldGen       total 52736K, used 16332K [0x00000000c0000000, 0x00000000c3380000, 0x00000000eab00000)
  object space 52736K, 30% used [0x00000000c0000000,0x00000000c0ff3010,0x00000000c3380000)
 Metaspace       used 31396K, capacity 32152K, committed 32384K, reserved 1077248K
  class space    used 4352K, capacity 4617K, committed 4736K, reserved 1048576K
}
Event: 15.669 GC heap before
{Heap before GC invocations=7 (full 1):
 PSYoungGen      total 138240K, used 76818K [0x00000000eab00000, 0x00000000fae80000, 0x0000000100000000)
  eden space 133120K, 53% used [0x00000000eab00000,0x00000000ef10c958,0x00000000f2d00000)
  from space 5120K, 99% used [0x00000000f2d00000,0x00000000f31f8020,0x00000000f3200000)
  to   space 14848K, 0% used [0x00000000fa000000,0x00000000fa000000,0x00000000fae80000)
 ParOldGen       total 52736K, used 16332K [0x00000000c0000000, 0x00000000c3380000, 0x00000000eab00000)
  object space 52736K, 30% used [0x00000000c0000000,0x00000000c0ff3010,0x00000000c3380000)
 Metaspace       used 34516K, capacity 35286K, committed 35416K, reserved 1079296K
  class space    used 4726K, capacity 5007K, committed 5120K, reserved 1048576K
Event: 15.678 GC heap after
Heap after GC invocations=7 (full 1):
 PSYoungGen      total 238592K, used 9458K [0x00000000eab00000, 0x00000000fa980000, 0x0000000100000000)
  eden space 228864K, 0% used [0x00000000eab00000,0x00000000eab00000,0x00000000f8a80000)
  from space 9728K, 97% used [0x00000000fa000000,0x00000000fa93cab0,0x00000000fa980000)
  to   space 14336K, 0% used [0x00000000f8d80000,0x00000000f8d80000,0x00000000f9b80000)
 ParOldGen       total 52736K, used 16340K [0x00000000c0000000, 0x00000000c3380000, 0x00000000eab00000)
  object space 52736K, 30% used [0x00000000c0000000,0x00000000c0ff5010,0x00000000c3380000)
 Metaspace       used 34516K, capacity 35286K, committed 35416K, reserved 1079296K
  class space    used 4726K, capacity 5007K, committed 5120K, reserved 1048576K
}
Event: 15.678 GC heap before
{Heap before GC invocations=8 (full 2):
 PSYoungGen      total 238592K, used 9458K [0x00000000eab00000, 0x00000000fa980000, 0x0000000100000000)
  eden space 228864K, 0% used [0x00000000eab00000,0x00000000eab00000,0x00000000f8a80000)
  from space 9728K, 97% used [0x00000000fa000000,0x00000000fa93cab0,0x00000000fa980000)
  to   space 14336K, 0% used [0x00000000f8d80000,0x00000000f8d80000,0x00000000f9b80000)
 ParOldGen       total 52736K, used 16340K [0x00000000c0000000, 0x00000000c3380000, 0x00000000eab00000)
  object space 52736K, 30% used [0x00000000c0000000,0x00000000c0ff5010,0x00000000c3380000)
 Metaspace       used 34516K, capacity 35286K, committed 35416K, reserved 1079296K
  class space    used 4726K, capacity 5007K, committed 5120K, reserved 1048576K
Event: 15.750 GC heap after
Heap after GC invocations=8 (full 2):
 PSYoungGen      total 238592K, used 0K [0x00000000eab00000, 0x00000000fa980000, 0x0000000100000000)
  eden space 228864K, 0% used [0x00000000eab00000,0x00000000eab00000,0x00000000f8a80000)
  from space 9728K, 0% used [0x00000000fa000000,0x00000000fa000000,0x00000000fa980000)
  to   space 14336K, 0% used [0x00000000f8d80000,0x00000000f8d80000,0x00000000f9b80000)
 ParOldGen       total 81920K, used 23713K [0x00000000c0000000, 0x00000000c5000000, 0x00000000eab00000)
  object space 81920K, 28% used [0x00000000c0000000,0x00000000c1728738,0x00000000c5000000)
 Metaspace       used 34516K, capacity 35286K, committed 35416K, reserved 1079296K
  class space    used 4726K, capacity 5007K, committed 5120K, reserved 1048576K
}

